2018-01-19 18:54:45.807 INFO  (main) [   ] o.e.j.s.Server jetty-9.3.20.v20170531
2018-01-19 18:54:46.891 INFO  (main) [   ] o.a.s.s.SolrDispatchFilter  ___      _       Welcome to Apache Solr™ version 7.2.0
2018-01-19 18:54:46.892 INFO  (main) [   ] o.a.s.s.SolrDispatchFilter / __| ___| |_ _   Starting in standalone mode on port 8983
2018-01-19 18:54:46.892 INFO  (main) [   ] o.a.s.s.SolrDispatchFilter \__ \/ _ \ | '_|  Install dir: /home/vignesh/tac/solr-7.2.0
2018-01-19 18:54:46.907 INFO  (main) [   ] o.a.s.s.SolrDispatchFilter |___/\___/_|_|    Start time: 2018-01-19T18:54:46.893547Z
2018-01-19 18:54:46.909 INFO  (main) [   ] o.a.s.u.StartupLoggingUtils Property solr.log.muteconsole given. Muting ConsoleAppender named CONSOLE
2018-01-19 18:54:47.053 INFO  (main) [   ] o.a.s.c.SolrResourceLoader Using system property solr.solr.home: /home/vignesh/tac/solr-7.2.0/server/solr
2018-01-19 18:54:47.075 INFO  (main) [   ] o.a.s.c.SolrXmlConfig Loading container configuration from /home/vignesh/tac/solr-7.2.0/server/solr/solr.xml
2018-01-19 18:54:49.454 INFO  (main) [   ] o.a.s.c.CorePropertiesLocator Found 1 core definitions underneath /home/vignesh/tac/solr-7.2.0/server/solr
2018-01-19 18:54:49.463 INFO  (main) [   ] o.a.s.c.CorePropertiesLocator Cores are: [activities]
2018-01-19 18:54:49.476 INFO  (coreLoadExecutor-6-thread-1) [   ] o.a.s.c.TransientSolrCoreCacheDefault Allocating transient cache for 2147483647 transient cores
2018-01-19 18:54:49.911 INFO  (main) [   ] o.e.j.s.Server Started @6406ms
2018-01-19 18:54:49.921 INFO  (coreLoadExecutor-6-thread-1) [   x:activities] o.a.s.c.SolrResourceLoader [activities] Added 53 libs to classloader, from paths: [/home/vignesh/tac/solr-7.2.0/contrib/clustering/lib, /home/vignesh/tac/solr-7.2.0/contrib/extraction/lib, /home/vignesh/tac/solr-7.2.0/contrib/langid/lib, /home/vignesh/tac/solr-7.2.0/contrib/velocity/lib, /home/vignesh/tac/solr-7.2.0/dist]
2018-01-19 18:54:50.649 INFO  (coreLoadExecutor-6-thread-1) [   x:activities] o.a.s.c.SolrConfig Using Lucene MatchVersion: 7.2.0
2018-01-19 18:54:51.182 INFO  (coreLoadExecutor-6-thread-1) [   x:activities] o.a.s.s.IndexSchema [activities] Schema name=default-config
2018-01-19 18:54:52.711 INFO  (coreLoadExecutor-6-thread-1) [   x:activities] o.a.s.s.IndexSchema Loaded schema default-config/1.6 with uniqueid field id
2018-01-19 18:54:52.802 INFO  (coreLoadExecutor-6-thread-1) [   x:activities] o.a.s.c.CoreContainer Creating SolrCore 'activities' using configuration from instancedir /home/vignesh/tac/solr-7.2.0/server/solr/activities, trusted=true
2018-01-19 18:54:52.873 INFO  (coreLoadExecutor-6-thread-1) [   x:activities] o.a.s.c.SolrCore solr.RecoveryStrategy.Builder
2018-01-19 18:54:52.881 INFO  (coreLoadExecutor-6-thread-1) [   x:activities] o.a.s.c.SolrCore [[activities] ] Opening new SolrCore at [/home/vignesh/tac/solr-7.2.0/server/solr/activities], dataDir=[/home/vignesh/tac/solr-7.2.0/server/solr/activities/data/]
2018-01-19 18:54:52.917 INFO  (coreLoadExecutor-6-thread-1) [   x:activities] o.a.s.r.XSLTResponseWriter xsltCacheLifetimeSeconds=5
2018-01-19 18:54:53.590 INFO  (coreLoadExecutor-6-thread-1) [   x:activities] o.a.s.u.UpdateHandler Using UpdateLog implementation: org.apache.solr.update.UpdateLog
2018-01-19 18:54:53.591 INFO  (coreLoadExecutor-6-thread-1) [   x:activities] o.a.s.u.UpdateLog Initializing UpdateLog: dataDir= defaultSyncLevel=FLUSH numRecordsToKeep=100 maxNumLogsToKeep=10 numVersionBuckets=65536
2018-01-19 18:54:53.620 INFO  (coreLoadExecutor-6-thread-1) [   x:activities] o.a.s.u.CommitTracker Hard AutoCommit: if uncommited for 15000ms; 
2018-01-19 18:54:53.620 INFO  (coreLoadExecutor-6-thread-1) [   x:activities] o.a.s.u.CommitTracker Soft AutoCommit: disabled
2018-01-19 18:54:53.868 INFO  (coreLoadExecutor-6-thread-1) [   x:activities] o.a.s.s.SolrIndexSearcher Opening [Searcher@2399bbd4[activities] main]
2018-01-19 18:54:53.897 INFO  (coreLoadExecutor-6-thread-1) [   x:activities] o.a.s.r.ManagedResourceStorage File-based storage initialized to use dir: /home/vignesh/tac/solr-7.2.0/server/solr/activities/conf
2018-01-19 18:54:53.943 INFO  (coreLoadExecutor-6-thread-1) [   x:activities] o.a.s.h.c.SpellCheckComponent Initializing spell checkers
2018-01-19 18:54:53.956 INFO  (coreLoadExecutor-6-thread-1) [   x:activities] o.a.s.s.DirectSolrSpellChecker init: {name=default,field=_text_,classname=solr.DirectSolrSpellChecker,distanceMeasure=internal,accuracy=0.5,maxEdits=2,minPrefix=1,maxInspections=5,minQueryLength=4,maxQueryFrequency=0.01}
2018-01-19 18:54:53.986 INFO  (coreLoadExecutor-6-thread-1) [   x:activities] o.a.s.h.ReplicationHandler Commits will be reserved for 10000ms.
2018-01-19 18:54:54.449 INFO  (searcherExecutor-7-thread-1-processing-x:activities) [   x:activities] o.a.s.c.QuerySenderListener QuerySenderListener sending requests to Searcher@2399bbd4[activities] main{ExitableDirectoryReader(UninvertingDirectoryReader(Uninverting(_b(7.2.0):C9433)))}
2018-01-19 18:54:54.450 INFO  (searcherExecutor-7-thread-1-processing-x:activities) [   x:activities] o.a.s.c.QuerySenderListener QuerySenderListener done.
2018-01-19 18:54:54.450 INFO  (searcherExecutor-7-thread-1-processing-x:activities) [   x:activities] o.a.s.h.c.SpellCheckComponent Loading spell index for spellchecker: default
2018-01-19 18:54:54.468 INFO  (searcherExecutor-7-thread-1-processing-x:activities) [   x:activities] o.a.s.c.SolrCore [activities] Registered new searcher Searcher@2399bbd4[activities] main{ExitableDirectoryReader(UninvertingDirectoryReader(Uninverting(_b(7.2.0):C9433)))}
2018-01-19 18:54:57.517 INFO  (qtp2009221452-14) [   x:activities] o.a.s.c.PluginBag Going to create a new requestHandler with {type = requestHandler,name = /tvrh,class = solr.SearchHandler,attributes = {startup=lazy, name=/tvrh, class=solr.SearchHandler},args = {defaults={tv=true,df=_text_},last-components=[tvComponent]}} 
2018-01-19 18:54:57.662 ERROR (qtp2009221452-14) [   x:activities] o.a.s.h.RequestHandlerBase org.apache.solr.common.SolrException: invalid boolean value: 
	at org.apache.solr.common.util.StrUtils.parseBool(StrUtils.java:243)
	at org.apache.solr.common.params.SolrParams.getBool(SolrParams.java:118)
	at org.apache.solr.handler.component.TermVectorComponent.process(TermVectorComponent.java:156)
	at org.apache.solr.handler.component.SearchHandler.handleRequestBody(SearchHandler.java:295)
	at org.apache.solr.handler.RequestHandlerBase.handleRequest(RequestHandlerBase.java:177)
	at org.apache.solr.core.SolrCore.execute(SolrCore.java:2503)
	at org.apache.solr.servlet.HttpSolrCall.execute(HttpSolrCall.java:710)
	at org.apache.solr.servlet.HttpSolrCall.call(HttpSolrCall.java:516)
	at org.apache.solr.servlet.SolrDispatchFilter.doFilter(SolrDispatchFilter.java:382)
	at org.apache.solr.servlet.SolrDispatchFilter.doFilter(SolrDispatchFilter.java:326)
	at org.eclipse.jetty.servlet.ServletHandler$CachedChain.doFilter(ServletHandler.java:1751)
	at org.eclipse.jetty.servlet.ServletHandler.doHandle(ServletHandler.java:582)
	at org.eclipse.jetty.server.handler.ScopedHandler.handle(ScopedHandler.java:143)
	at org.eclipse.jetty.security.SecurityHandler.handle(SecurityHandler.java:548)
	at org.eclipse.jetty.server.session.SessionHandler.doHandle(SessionHandler.java:226)
	at org.eclipse.jetty.server.handler.ContextHandler.doHandle(ContextHandler.java:1180)
	at org.eclipse.jetty.servlet.ServletHandler.doScope(ServletHandler.java:512)
	at org.eclipse.jetty.server.session.SessionHandler.doScope(SessionHandler.java:185)
	at org.eclipse.jetty.server.handler.ContextHandler.doScope(ContextHandler.java:1112)
	at org.eclipse.jetty.server.handler.ScopedHandler.handle(ScopedHandler.java:141)
	at org.eclipse.jetty.server.handler.ContextHandlerCollection.handle(ContextHandlerCollection.java:213)
	at org.eclipse.jetty.server.handler.HandlerCollection.handle(HandlerCollection.java:119)
	at org.eclipse.jetty.server.handler.HandlerWrapper.handle(HandlerWrapper.java:134)
	at org.eclipse.jetty.rewrite.handler.RewriteHandler.handle(RewriteHandler.java:335)
	at org.eclipse.jetty.server.handler.HandlerWrapper.handle(HandlerWrapper.java:134)
	at org.eclipse.jetty.server.Server.handle(Server.java:534)
	at org.eclipse.jetty.server.HttpChannel.handle(HttpChannel.java:320)
	at org.eclipse.jetty.server.HttpConnection.onFillable(HttpConnection.java:251)
	at org.eclipse.jetty.io.AbstractConnection$ReadCallback.succeeded(AbstractConnection.java:283)
	at org.eclipse.jetty.io.FillInterest.fillable(FillInterest.java:108)
	at org.eclipse.jetty.io.SelectChannelEndPoint$2.run(SelectChannelEndPoint.java:93)
	at org.eclipse.jetty.util.thread.strategy.ExecuteProduceConsume.executeProduceConsume(ExecuteProduceConsume.java:303)
	at org.eclipse.jetty.util.thread.strategy.ExecuteProduceConsume.produceConsume(ExecuteProduceConsume.java:148)
	at org.eclipse.jetty.util.thread.strategy.ExecuteProduceConsume.run(ExecuteProduceConsume.java:136)
	at org.eclipse.jetty.util.thread.QueuedThreadPool.runJob(QueuedThreadPool.java:671)
	at org.eclipse.jetty.util.thread.QueuedThreadPool$2.run(QueuedThreadPool.java:589)
	at java.base/java.lang.Thread.run(Thread.java:844)

2018-01-19 18:54:57.663 INFO  (qtp2009221452-14) [   x:activities] o.a.s.c.S.Request [activities]  webapp=/solr path=/tvrh params={q=age:[*+TO+*]&tv=true&tv.positions=&qt=tvrh&indent=on&tv.tf=true&tv.df=true&start=0&tv.offsets=true&tv.fl=age&rows=10&wt=xml} hits=9433 status=400 QTime=146
2018-01-19 18:55:06.193 INFO  (qtp2009221452-16) [   x:activities] o.a.s.c.S.Request [activities]  webapp=/solr path=/tvrh params={q=age:[*+TO+*]&tv=true&tv.positions=true&indent=true&tv.payloads=true&tv.tf=true&tv.df=true&tv.offsets=true&tv.fl=clue&rows=10&tv.tf_idf=true&wt=xml} hits=9433 status=0 QTime=2
2018-01-19 18:55:08.144 INFO  (qtp2009221452-19) [   x:activities] o.a.s.c.S.Request [activities]  webapp=/solr path=/tvrh params={q=age:[*+TO+*]&tv=true&tv.positions=true&indent=true&tv.payloads=true&tv.tf=true&tv.df=true&tv.offsets=true&tv.fl=clue&rows=10&tv.tf_idf=true&wt=xml} hits=9433 status=0 QTime=1
2018-01-19 18:55:09.671 INFO  (qtp2009221452-20) [   x:activities] o.a.s.c.S.Request [activities]  webapp=/solr path=/tvrh params={q=age:[*+TO+*]&tv=true&tv.positions=true&indent=true&tv.payloads=true&tv.tf=true&tv.df=true&tv.offsets=true&tv.fl=clue&rows=10&tv.tf_idf=true&wt=xml} hits=9433 status=0 QTime=0
2018-01-19 18:55:10.893 INFO  (qtp2009221452-14) [   x:activities] o.a.s.c.S.Request [activities]  webapp=/solr path=/tvrh params={q=age:[*+TO+*]&tv=true&tv.positions=true&indent=true&tv.payloads=true&tv.tf=true&tv.df=true&tv.offsets=true&tv.fl=clue&rows=10&tv.tf_idf=true&wt=xml} hits=9433 status=0 QTime=0
2018-01-19 18:56:41.121 ERROR (qtp2009221452-19) [   x:activities] o.a.s.h.RequestHandlerBase org.apache.solr.common.SolrException: invalid boolean value: 
	at org.apache.solr.common.util.StrUtils.parseBool(StrUtils.java:243)
	at org.apache.solr.common.params.SolrParams.getBool(SolrParams.java:118)
	at org.apache.solr.handler.component.TermVectorComponent.process(TermVectorComponent.java:156)
	at org.apache.solr.handler.component.SearchHandler.handleRequestBody(SearchHandler.java:295)
	at org.apache.solr.handler.RequestHandlerBase.handleRequest(RequestHandlerBase.java:177)
	at org.apache.solr.core.SolrCore.execute(SolrCore.java:2503)
	at org.apache.solr.servlet.HttpSolrCall.execute(HttpSolrCall.java:710)
	at org.apache.solr.servlet.HttpSolrCall.call(HttpSolrCall.java:516)
	at org.apache.solr.servlet.SolrDispatchFilter.doFilter(SolrDispatchFilter.java:382)
	at org.apache.solr.servlet.SolrDispatchFilter.doFilter(SolrDispatchFilter.java:326)
	at org.eclipse.jetty.servlet.ServletHandler$CachedChain.doFilter(ServletHandler.java:1751)
	at org.eclipse.jetty.servlet.ServletHandler.doHandle(ServletHandler.java:582)
	at org.eclipse.jetty.server.handler.ScopedHandler.handle(ScopedHandler.java:143)
	at org.eclipse.jetty.security.SecurityHandler.handle(SecurityHandler.java:548)
	at org.eclipse.jetty.server.session.SessionHandler.doHandle(SessionHandler.java:226)
	at org.eclipse.jetty.server.handler.ContextHandler.doHandle(ContextHandler.java:1180)
	at org.eclipse.jetty.servlet.ServletHandler.doScope(ServletHandler.java:512)
	at org.eclipse.jetty.server.session.SessionHandler.doScope(SessionHandler.java:185)
	at org.eclipse.jetty.server.handler.ContextHandler.doScope(ContextHandler.java:1112)
	at org.eclipse.jetty.server.handler.ScopedHandler.handle(ScopedHandler.java:141)
	at org.eclipse.jetty.server.handler.ContextHandlerCollection.handle(ContextHandlerCollection.java:213)
	at org.eclipse.jetty.server.handler.HandlerCollection.handle(HandlerCollection.java:119)
	at org.eclipse.jetty.server.handler.HandlerWrapper.handle(HandlerWrapper.java:134)
	at org.eclipse.jetty.rewrite.handler.RewriteHandler.handle(RewriteHandler.java:335)
	at org.eclipse.jetty.server.handler.HandlerWrapper.handle(HandlerWrapper.java:134)
	at org.eclipse.jetty.server.Server.handle(Server.java:534)
	at org.eclipse.jetty.server.HttpChannel.handle(HttpChannel.java:320)
	at org.eclipse.jetty.server.HttpConnection.onFillable(HttpConnection.java:251)
	at org.eclipse.jetty.io.AbstractConnection$ReadCallback.succeeded(AbstractConnection.java:283)
	at org.eclipse.jetty.io.FillInterest.fillable(FillInterest.java:108)
	at org.eclipse.jetty.io.SelectChannelEndPoint$2.run(SelectChannelEndPoint.java:93)
	at org.eclipse.jetty.util.thread.strategy.ExecuteProduceConsume.executeProduceConsume(ExecuteProduceConsume.java:303)
	at org.eclipse.jetty.util.thread.strategy.ExecuteProduceConsume.produceConsume(ExecuteProduceConsume.java:148)
	at org.eclipse.jetty.util.thread.strategy.ExecuteProduceConsume.run(ExecuteProduceConsume.java:136)
	at org.eclipse.jetty.util.thread.QueuedThreadPool.runJob(QueuedThreadPool.java:671)
	at org.eclipse.jetty.util.thread.QueuedThreadPool$2.run(QueuedThreadPool.java:589)
	at java.base/java.lang.Thread.run(Thread.java:844)

2018-01-19 18:56:41.134 INFO  (qtp2009221452-19) [   x:activities] o.a.s.c.S.Request [activities]  webapp=/solr path=/tvrh params={q=age:[*+TO+*]&tv=true&tv.positions=&qt=tvrh&indent=on&tv.tf=true&tv.df=true&start=0&tv.offsets=true&tv.fl=clue&rows=10&wt=xml} hits=9433 status=400 QTime=14
2018-01-19 20:18:37.099 INFO  (qtp2009221452-18) [   ] o.a.s.s.HttpSolrCall [admin] webapp=null path=/admin/info/system params={wt=json} status=0 QTime=53
2018-01-19 20:18:37.155 INFO  (qtp2009221452-12) [   ] o.a.s.s.HttpSolrCall [admin] webapp=null path=/admin/info/system params={wt=json} status=0 QTime=11
2018-01-19 20:18:37.188 INFO  (qtp2009221452-21) [   ] o.a.s.s.HttpSolrCall [admin] webapp=null path=/admin/cores params={core=tagger&action=STATUS&wt=json} status=0 QTime=1
2018-01-19 20:18:37.245 INFO  (qtp2009221452-19) [   ] o.a.s.h.a.CoreAdminOperation core create command name=tagger&action=CREATE&instanceDir=tagger&wt=json
2018-01-19 20:18:37.300 INFO  (qtp2009221452-19) [   x:tagger] o.a.s.c.SolrResourceLoader [tagger] Added 53 libs to classloader, from paths: [/home/vignesh/tac/solr-7.2.0/contrib/clustering/lib, /home/vignesh/tac/solr-7.2.0/contrib/extraction/lib, /home/vignesh/tac/solr-7.2.0/contrib/langid/lib, /home/vignesh/tac/solr-7.2.0/contrib/velocity/lib, /home/vignesh/tac/solr-7.2.0/dist]
2018-01-19 20:18:37.370 INFO  (qtp2009221452-19) [   x:tagger] o.a.s.c.SolrConfig Using Lucene MatchVersion: 7.2.1
2018-01-19 20:18:37.501 INFO  (qtp2009221452-19) [   x:tagger] o.a.s.s.IndexSchema [tagger] Schema name=default-config
2018-01-19 20:18:38.011 INFO  (qtp2009221452-19) [   x:tagger] o.a.s.s.IndexSchema Loaded schema default-config/1.6 with uniqueid field id
2018-01-19 20:18:38.122 INFO  (qtp2009221452-19) [   x:tagger] o.a.s.c.CoreContainer Creating SolrCore 'tagger' using configuration from instancedir /home/vignesh/tac/solr-7.2.0/server/solr/tagger, trusted=true
2018-01-19 20:18:38.128 INFO  (qtp2009221452-19) [   x:tagger] o.a.s.c.SolrCore solr.RecoveryStrategy.Builder
2018-01-19 20:18:38.128 INFO  (qtp2009221452-19) [   x:tagger] o.a.s.c.SolrCore [[tagger] ] Opening new SolrCore at [/home/vignesh/tac/solr-7.2.0/server/solr/tagger], dataDir=[/home/vignesh/tac/solr-7.2.0/server/solr/tagger/data/]
2018-01-19 20:18:38.169 INFO  (qtp2009221452-19) [   x:tagger] o.a.s.r.XSLTResponseWriter xsltCacheLifetimeSeconds=5
2018-01-19 20:18:38.277 INFO  (qtp2009221452-19) [   x:tagger] o.a.s.u.UpdateHandler Using UpdateLog implementation: org.apache.solr.update.UpdateLog
2018-01-19 20:18:38.280 INFO  (qtp2009221452-19) [   x:tagger] o.a.s.u.UpdateLog Initializing UpdateLog: dataDir= defaultSyncLevel=FLUSH numRecordsToKeep=100 maxNumLogsToKeep=10 numVersionBuckets=65536
2018-01-19 20:18:38.284 INFO  (qtp2009221452-19) [   x:tagger] o.a.s.u.CommitTracker Hard AutoCommit: if uncommited for 15000ms; 
2018-01-19 20:18:38.285 INFO  (qtp2009221452-19) [   x:tagger] o.a.s.u.CommitTracker Soft AutoCommit: disabled
2018-01-19 20:18:38.296 INFO  (qtp2009221452-19) [   x:tagger] o.a.s.s.SolrIndexSearcher Opening [Searcher@5d198c62[tagger] main]
2018-01-19 20:18:38.297 INFO  (qtp2009221452-19) [   x:tagger] o.a.s.r.ManagedResourceStorage File-based storage initialized to use dir: /home/vignesh/tac/solr-7.2.0/server/solr/tagger/conf
2018-01-19 20:18:38.298 INFO  (qtp2009221452-19) [   x:tagger] o.a.s.h.c.SpellCheckComponent Initializing spell checkers
2018-01-19 20:18:38.298 INFO  (qtp2009221452-19) [   x:tagger] o.a.s.s.DirectSolrSpellChecker init: {name=default,field=_text_,classname=solr.DirectSolrSpellChecker,distanceMeasure=internal,accuracy=0.5,maxEdits=2,minPrefix=1,maxInspections=5,minQueryLength=4,maxQueryFrequency=0.01}
2018-01-19 20:18:38.300 INFO  (qtp2009221452-19) [   x:tagger] o.a.s.h.ReplicationHandler Commits will be reserved for 10000ms.
2018-01-19 20:18:38.300 INFO  (searcherExecutor-12-thread-1-processing-x:tagger) [   x:tagger] o.a.s.c.QuerySenderListener QuerySenderListener sending requests to Searcher@5d198c62[tagger] main{ExitableDirectoryReader(UninvertingDirectoryReader())}
2018-01-19 20:18:38.301 INFO  (searcherExecutor-12-thread-1-processing-x:tagger) [   x:tagger] o.a.s.c.QuerySenderListener QuerySenderListener done.
2018-01-19 20:18:38.301 INFO  (searcherExecutor-12-thread-1-processing-x:tagger) [   x:tagger] o.a.s.h.c.SpellCheckComponent Loading spell index for spellchecker: default
2018-01-19 20:18:38.301 INFO  (searcherExecutor-12-thread-1-processing-x:tagger) [   x:tagger] o.a.s.c.SolrCore [tagger] Registered new searcher Searcher@5d198c62[tagger] main{ExitableDirectoryReader(UninvertingDirectoryReader())}
2018-01-19 20:18:38.302 INFO  (qtp2009221452-19) [   x:tagger] o.a.s.u.UpdateLog Could not find max version in index or recent updates, using new clock 1590053430416637952
2018-01-19 20:18:38.307 INFO  (qtp2009221452-19) [   x:tagger] o.a.s.s.HttpSolrCall [admin] webapp=null path=/admin/cores params={name=tagger&action=CREATE&instanceDir=tagger&wt=json} status=0 QTime=1062
2018-01-19 20:19:05.616 INFO  (qtp2009221452-14) [   x:tagger] o.a.s.c.SolrResourceLoader Written confile configoverlay.json
2018-01-19 20:19:05.693 INFO  (qtp2009221452-14) [   x:tagger] o.a.s.c.SolrResourceLoader [tagger] Added 53 libs to classloader, from paths: [/home/vignesh/tac/solr-7.2.0/contrib/clustering/lib, /home/vignesh/tac/solr-7.2.0/contrib/extraction/lib, /home/vignesh/tac/solr-7.2.0/contrib/langid/lib, /home/vignesh/tac/solr-7.2.0/contrib/velocity/lib, /home/vignesh/tac/solr-7.2.0/dist]
2018-01-19 20:19:05.756 INFO  (qtp2009221452-14) [   x:tagger] o.a.s.c.SolrConfig Using Lucene MatchVersion: 7.2.1
2018-01-19 20:19:05.874 INFO  (qtp2009221452-14) [   x:tagger] o.a.s.s.IndexSchema [tagger] Schema name=default-config
2018-01-19 20:19:06.223 INFO  (qtp2009221452-14) [   x:tagger] o.a.s.s.IndexSchema Loaded schema default-config/1.6 with uniqueid field id
2018-01-19 20:19:06.274 INFO  (qtp2009221452-14) [   x:tagger] o.a.s.c.CoreContainer Reloading SolrCore 'tagger' using configuration from instancedir /home/vignesh/tac/solr-7.2.0/server/solr/tagger
2018-01-19 20:19:06.277 INFO  (qtp2009221452-14) [   x:tagger] o.a.s.c.SolrCore [[tagger] ] Opening new SolrCore at [/home/vignesh/tac/solr-7.2.0/server/solr/tagger], dataDir=[/home/vignesh/tac/solr-7.2.0/server/solr/tagger/data/]
2018-01-19 20:19:06.279 INFO  (qtp2009221452-14) [   x:tagger] o.a.s.r.XSLTResponseWriter xsltCacheLifetimeSeconds=5
2018-01-19 20:19:06.358 INFO  (qtp2009221452-14) [   x:tagger] o.a.s.u.CommitTracker Hard AutoCommit: if uncommited for 15000ms; 
2018-01-19 20:19:06.358 INFO  (qtp2009221452-14) [   x:tagger] o.a.s.u.CommitTracker Soft AutoCommit: disabled
2018-01-19 20:19:06.363 INFO  (qtp2009221452-14) [   x:tagger] o.a.s.s.SolrIndexSearcher Opening [Searcher@468f830b[tagger] main]
2018-01-19 20:19:06.364 INFO  (qtp2009221452-14) [   x:tagger] o.a.s.r.ManagedResourceStorage File-based storage initialized to use dir: /home/vignesh/tac/solr-7.2.0/server/solr/tagger/conf
2018-01-19 20:19:06.364 INFO  (qtp2009221452-14) [   x:tagger] o.a.s.h.c.SpellCheckComponent Initializing spell checkers
2018-01-19 20:19:06.364 INFO  (qtp2009221452-14) [   x:tagger] o.a.s.s.DirectSolrSpellChecker init: {name=default,field=_text_,classname=solr.DirectSolrSpellChecker,distanceMeasure=internal,accuracy=0.5,maxEdits=2,minPrefix=1,maxInspections=5,minQueryLength=4,maxQueryFrequency=0.01}
2018-01-19 20:19:06.366 INFO  (qtp2009221452-14) [   x:tagger] o.a.s.h.ReplicationHandler Commits will be reserved for 10000ms.
2018-01-19 20:19:06.368 INFO  (searcherExecutor-17-thread-1-processing-x:tagger) [   x:tagger] o.a.s.c.QuerySenderListener QuerySenderListener sending requests to Searcher@468f830b[tagger] main{ExitableDirectoryReader(UninvertingDirectoryReader())}
2018-01-19 20:19:06.368 INFO  (searcherExecutor-17-thread-1-processing-x:tagger) [   x:tagger] o.a.s.c.QuerySenderListener QuerySenderListener done.
2018-01-19 20:19:06.368 INFO  (searcherExecutor-17-thread-1-processing-x:tagger) [   x:tagger] o.a.s.h.c.SpellCheckComponent Loading spell index for spellchecker: default
2018-01-19 20:19:06.369 INFO  (searcherExecutor-17-thread-1-processing-x:tagger) [   x:tagger] o.a.s.c.SolrCore [tagger] Registered new searcher Searcher@468f830b[tagger] main{ExitableDirectoryReader(UninvertingDirectoryReader())}
2018-01-19 20:19:06.370 INFO  (qtp2009221452-14) [   x:tagger] o.a.s.u.UpdateLog Could not find max version in index or recent updates, using new clock 1590053459848069120
2018-01-19 20:19:06.388 INFO  (qtp2009221452-14) [   x:tagger] o.a.s.u.DefaultSolrCoreState New IndexWriter is ready to be used.
2018-01-19 20:19:06.389 INFO  (qtp2009221452-14) [   x:tagger] o.a.s.s.SolrIndexSearcher Opening [Searcher@2e9508cb[tagger] main]
2018-01-19 20:19:06.392 INFO  (searcherExecutor-17-thread-1-processing-x:tagger) [   x:tagger] o.a.s.c.QuerySenderListener QuerySenderListener sending requests to Searcher@2e9508cb[tagger] main{ExitableDirectoryReader(UninvertingDirectoryReader())}
2018-01-19 20:19:06.392 INFO  (searcherExecutor-17-thread-1-processing-x:tagger) [   x:tagger] o.a.s.c.QuerySenderListener QuerySenderListener done.
2018-01-19 20:19:06.392 INFO  (searcherExecutor-17-thread-1-processing-x:tagger) [   x:tagger] o.a.s.c.SolrCore [tagger] Registered new searcher Searcher@2e9508cb[tagger] main{ExitableDirectoryReader(UninvertingDirectoryReader())}
2018-01-19 20:19:06.394 INFO  (qtp2009221452-14) [   x:tagger] o.a.s.h.SolrConfigHandler Executed config commands successfully and persited to File System [{"set-user-property":{"update.autoCreateFields":"false"}}]
2018-01-19 20:19:06.394 INFO  (qtp2009221452-14) [   x:tagger] o.a.s.c.S.Request [tagger]  webapp=/solr path=/config params={} status=0 QTime=810
2018-01-19 20:19:06.394 INFO  (qtp2009221452-14) [   x:tagger] o.a.s.c.SolrCore [tagger]  CLOSING SolrCore org.apache.solr.core.SolrCore@1b76c726
2018-01-19 20:19:06.394 INFO  (qtp2009221452-14) [   x:tagger] o.a.s.m.SolrMetricManager Closing metric reporters for registry=solr.core.tagger, tag=460769062
2018-01-19 20:19:38.617 INFO  (ShutdownMonitor) [   ] o.a.s.c.CoreContainer Shutting down CoreContainer instance=632475595
2018-01-19 20:19:38.617 INFO  (ShutdownMonitor) [   ] o.a.s.m.SolrMetricManager Closing metric reporters for registry=solr.node, tag=null
2018-01-19 20:19:38.617 INFO  (ShutdownMonitor) [   ] o.a.s.m.SolrMetricManager Closing metric reporters for registry=solr.jvm, tag=null
2018-01-19 20:19:38.620 INFO  (ShutdownMonitor) [   ] o.a.s.m.SolrMetricManager Closing metric reporters for registry=solr.jetty, tag=null
2018-01-19 20:19:38.622 INFO  (coreCloseExecutor-21-thread-1) [   x:activities] o.a.s.c.SolrCore [activities]  CLOSING SolrCore org.apache.solr.core.SolrCore@bd064c5
2018-01-19 20:19:38.623 INFO  (coreCloseExecutor-21-thread-1) [   x:activities] o.a.s.m.SolrMetricManager Closing metric reporters for registry=solr.core.activities, tag=198206661
2018-01-19 20:19:38.636 INFO  (coreCloseExecutor-21-thread-2) [   x:tagger] o.a.s.c.SolrCore [tagger]  CLOSING SolrCore org.apache.solr.core.SolrCore@46f25835
2018-01-19 20:19:38.636 INFO  (coreCloseExecutor-21-thread-2) [   x:tagger] o.a.s.m.SolrMetricManager Closing metric reporters for registry=solr.core.tagger, tag=1190287413
