[2018-01-25T10:13:31.585+0530][0.012s] Using Concurrent Mark Sweep
[2018-01-25T10:13:31.585+0530][0.012s] Heap address: 0x00000000e0000000, size: 512 MB, Compressed Oops mode: 32-bit
[2018-01-25T10:13:37.096+0530][5.523s] GC(0) Pause Young (Allocation Failure)
[2018-01-25T10:13:37.096+0530][5.523s] GC(0) Using 4 workers of 4 for evacuation
[2018-01-25T10:13:37.160+0530][5.586s] GC(0) ParNew: 87424K->15406K(109248K)
[2018-01-25T10:13:37.160+0530][5.586s] GC(0) CMS: 0K->0K(393216K)
[2018-01-25T10:13:37.160+0530][5.586s] GC(0) Metaspace: 22204K->22204K(1071104K)
[2018-01-25T10:13:37.160+0530][5.586s] GC(0) Pause Young (Allocation Failure) 85M->15M(490M) 63.639ms
[2018-01-25T10:13:37.160+0530][5.586s] GC(0) User=0.06s Sys=0.00s Real=0.06s
[2018-01-25T10:13:37.172+0530][5.598s] GC(1) Pause Initial Mark
[2018-01-25T10:13:37.180+0530][5.606s] GC(1) Pause Initial Mark 17M->17M(490M) 7.679ms
[2018-01-25T10:13:37.180+0530][5.606s] GC(1) User=0.00s Sys=0.00s Real=0.00s
[2018-01-25T10:13:37.180+0530][5.606s] GC(1) Concurrent Mark
[2018-01-25T10:13:37.180+0530][5.606s] GC(1) Using 4 workers of 4 for marking
[2018-01-25T10:13:37.183+0530][5.610s] GC(1) Concurrent Mark 3.444ms
[2018-01-25T10:13:37.183+0530][5.610s] GC(1) User=0.01s Sys=0.00s Real=0.01s
[2018-01-25T10:13:37.183+0530][5.610s] GC(1) Concurrent Preclean
[2018-01-25T10:13:37.184+0530][5.611s] GC(1) Concurrent Preclean 0.818ms
[2018-01-25T10:13:37.184+0530][5.611s] GC(1) User=0.00s Sys=0.00s Real=0.00s
[2018-01-25T10:13:37.184+0530][5.611s] GC(1) Concurrent Abortable Preclean
[2018-01-25T10:13:40.187+0530][8.614s] GC(1) Concurrent Abortable Preclean 3002.716ms
[2018-01-25T10:13:40.187+0530][8.614s] GC(1) User=2.03s Sys=0.07s Real=3.00s
[2018-01-25T10:13:40.187+0530][8.614s] GC(1) Pause Remark
[2018-01-25T10:13:40.187+0530][8.614s] GC(2) Pause Young (CMS Final Remark)
[2018-01-25T10:13:40.187+0530][8.614s] GC(2) Using 4 workers of 4 for evacuation
[2018-01-25T10:13:40.349+0530][8.776s] GC(2) ParNew: 61095K->18486K(109248K)
[2018-01-25T10:13:40.349+0530][8.776s] GC(2) CMS: 0K->0K(393216K)
[2018-01-25T10:13:40.350+0530][8.776s] GC(2) Metaspace: 28033K->28033K(1075200K)
[2018-01-25T10:13:40.350+0530][8.776s] GC(2) Pause Young (CMS Final Remark) 59M->18M(490M) 162.258ms
[2018-01-25T10:13:40.350+0530][8.776s] GC(2) User=0.05s Sys=0.02s Real=0.16s
[2018-01-25T10:13:40.431+0530][8.858s] GC(1) Pause Remark 59M->18M(490M) 243.684ms
[2018-01-25T10:13:40.431+0530][8.858s] GC(1) User=0.08s Sys=0.02s Real=0.24s
[2018-01-25T10:13:40.440+0530][8.866s] GC(1) Concurrent Sweep
[2018-01-25T10:13:40.440+0530][8.867s] GC(1) Concurrent Sweep 0.142ms
[2018-01-25T10:13:40.440+0530][8.867s] GC(1) User=0.00s Sys=0.00s Real=0.00s
[2018-01-25T10:13:40.440+0530][8.867s] GC(1) Concurrent Reset
[2018-01-25T10:13:40.483+0530][8.910s] GC(1) Concurrent Reset 42.724ms
[2018-01-25T10:13:40.483+0530][8.910s] GC(1) User=0.01s Sys=0.01s Real=0.04s
[2018-01-25T10:13:40.483+0530][8.910s] GC(1) Old: 0K->0K(393216K)
[2018-01-25T10:13:42.764+0530][11.191s] GC(3) Pause Young (Allocation Failure)
[2018-01-25T10:13:42.764+0530][11.191s] GC(3) Using 4 workers of 4 for evacuation
[2018-01-25T10:13:42.940+0530][11.367s] GC(3) ParNew: 105906K->21824K(109248K)
[2018-01-25T10:13:42.940+0530][11.367s] GC(3) CMS: 0K->1766K(393216K)
[2018-01-25T10:13:42.940+0530][11.367s] GC(3) Metaspace: 29283K->29283K(1077248K)
[2018-01-25T10:13:42.940+0530][11.367s] GC(3) Pause Young (Allocation Failure) 103M->23M(490M) 175.991ms
[2018-01-25T10:13:42.940+0530][11.367s] GC(3) User=0.10s Sys=0.00s Real=0.18s
[2018-01-25T10:13:44.297+0530][12.723s] GC(4) Pause Young (Allocation Failure)
[2018-01-25T10:13:44.297+0530][12.723s] GC(4) Using 4 workers of 4 for evacuation
[2018-01-25T10:13:44.402+0530][12.828s] GC(4) ParNew: 109248K->21824K(109248K)
[2018-01-25T10:13:44.402+0530][12.828s] GC(4) CMS: 1766K->1959K(393216K)
[2018-01-25T10:13:44.402+0530][12.828s] GC(4) Metaspace: 29717K->29717K(1077248K)
[2018-01-25T10:13:44.402+0530][12.828s] GC(4) Pause Young (Allocation Failure) 108M->23M(490M) 105.230ms
[2018-01-25T10:13:44.402+0530][12.828s] GC(4) User=0.05s Sys=0.00s Real=0.11s
[2018-01-25T10:13:45.605+0530][14.031s] GC(5) Pause Young (Allocation Failure)
[2018-01-25T10:13:45.605+0530][14.031s] GC(5) Using 4 workers of 4 for evacuation
[2018-01-25T10:13:45.724+0530][14.150s] GC(5) ParNew: 109248K->21824K(109248K)
[2018-01-25T10:13:45.724+0530][14.150s] GC(5) CMS: 1959K->2506K(393216K)
[2018-01-25T10:13:45.724+0530][14.150s] GC(5) Metaspace: 30786K->30786K(1079296K)
[2018-01-25T10:13:45.724+0530][14.150s] GC(5) Pause Young (Allocation Failure) 108M->23M(490M) 119.036ms
[2018-01-25T10:13:45.724+0530][14.150s] GC(5) User=0.05s Sys=0.00s Real=0.12s
[2018-01-25T10:13:46.635+0530][15.061s] GC(6) Pause Young (Allocation Failure)
[2018-01-25T10:13:46.635+0530][15.061s] GC(6) Using 4 workers of 4 for evacuation
[2018-01-25T10:13:46.728+0530][15.154s] GC(6) ParNew: 109248K->21824K(109248K)
[2018-01-25T10:13:46.728+0530][15.154s] GC(6) CMS: 2506K->3661K(393216K)
[2018-01-25T10:13:46.728+0530][15.154s] GC(6) Metaspace: 30965K->30965K(1079296K)
[2018-01-25T10:13:46.728+0530][15.154s] GC(6) Pause Young (Allocation Failure) 109M->24M(490M) 93.176ms
[2018-01-25T10:13:46.728+0530][15.154s] GC(6) User=0.04s Sys=0.00s Real=0.10s
[2018-01-25T10:13:49.047+0530][17.473s] GC(7) Pause Young (Allocation Failure)
[2018-01-25T10:13:49.047+0530][17.474s] GC(7) Using 4 workers of 4 for evacuation
[2018-01-25T10:13:49.194+0530][17.621s] GC(7) ParNew: 109248K->21824K(109248K)
[2018-01-25T10:13:49.194+0530][17.621s] GC(7) CMS: 3661K->7809K(393216K)
[2018-01-25T10:13:49.194+0530][17.621s] GC(7) Metaspace: 35041K->35041K(1081344K)
[2018-01-25T10:13:49.194+0530][17.621s] GC(7) Pause Young (Allocation Failure) 110M->28M(490M) 147.298ms
[2018-01-25T10:13:49.194+0530][17.621s] GC(7) User=0.08s Sys=0.01s Real=0.15s
[2018-01-25T10:16:08.888+0530][157.315s] Heap
[2018-01-25T10:16:08.888+0530][157.315s]  par new generation   total 109248K, used 108353K [0x00000000e0000000, 0x00000000e8000000, 0x00000000e8000000)
[2018-01-25T10:16:08.889+0530][157.315s]   eden space 87424K,  98% used [0x00000000e0000000, 0x00000000e54807a0, 0x00000000e5560000)
[2018-01-25T10:16:08.889+0530][157.315s]   from space 21824K, 100% used [0x00000000e6ab0000, 0x00000000e8000000, 0x00000000e8000000)
[2018-01-25T10:16:08.889+0530][157.315s]   to   space 21824K,   0% used [0x00000000e5560000, 0x00000000e5560000, 0x00000000e6ab0000)
[2018-01-25T10:16:08.889+0530][157.315s]  concurrent mark-sweep generation total 393216K, used 7809K [0x00000000e8000000, 0x0000000100000000, 0x0000000100000000)
[2018-01-25T10:16:08.889+0530][157.315s]  Metaspace       used 38837K, capacity 40589K, committed 40760K, reserved 1085440K
[2018-01-25T10:16:08.889+0530][157.315s]   class space    used 4346K, capacity 4670K, committed 4756K, reserved 1048576K
