[2018-01-25T10:03:16.998+0530][0.016s] Using Concurrent Mark Sweep
[2018-01-25T10:03:16.998+0530][0.016s] Heap address: 0x00000000e0000000, size: 512 MB, Compressed Oops mode: 32-bit
[2018-01-25T10:03:21.138+0530][4.156s] GC(0) Pause Initial Mark
[2018-01-25T10:03:21.168+0530][4.186s] GC(0) Pause Initial Mark 73M->73M(490M) 30.145ms
[2018-01-25T10:03:21.168+0530][4.186s] GC(0) User=0.03s Sys=0.00s Real=0.03s
[2018-01-25T10:03:21.171+0530][4.189s] GC(0) Concurrent Mark
[2018-01-25T10:03:21.171+0530][4.189s] GC(0) Using 4 workers of 4 for marking
[2018-01-25T10:03:21.172+0530][4.190s] GC(0) Concurrent Mark 1.137ms
[2018-01-25T10:03:21.172+0530][4.190s] GC(0) User=0.00s Sys=0.00s Real=0.00s
[2018-01-25T10:03:21.172+0530][4.190s] GC(0) Concurrent Preclean
[2018-01-25T10:03:21.174+0530][4.192s] GC(0) Concurrent Preclean 1.481ms
[2018-01-25T10:03:21.174+0530][4.192s] GC(0) User=0.00s Sys=0.00s Real=0.00s
[2018-01-25T10:03:21.174+0530][4.192s] GC(0) Concurrent Abortable Preclean
[2018-01-25T10:03:21.590+0530][4.607s] GC(1) Pause Young (Allocation Failure)
[2018-01-25T10:03:21.590+0530][4.607s] GC(1) Using 4 workers of 4 for evacuation
[2018-01-25T10:03:21.615+0530][4.632s] GC(0) Concurrent Abortable Preclean 440.537ms
[2018-01-25T10:03:21.615+0530][4.632s] GC(0) User=0.24s Sys=0.03s Real=0.44s
[2018-01-25T10:03:21.634+0530][4.651s] GC(1) ParNew: 87424K->15407K(109248K)
[2018-01-25T10:03:21.634+0530][4.651s] GC(1) CMS: 0K->0K(393216K)
[2018-01-25T10:03:21.634+0530][4.651s] GC(1) Metaspace: 22225K->22225K(1071104K)
[2018-01-25T10:03:21.634+0530][4.652s] GC(1) Pause Young (Allocation Failure) 85M->15M(490M) 44.316ms
[2018-01-25T10:03:21.634+0530][4.652s] GC(1) User=0.05s Sys=0.00s Real=0.04s
[2018-01-25T10:03:21.643+0530][4.660s] GC(0) Pause Remark
[2018-01-25T10:03:21.643+0530][4.660s] GC(2) Pause Young (CMS Final Remark)
[2018-01-25T10:03:21.643+0530][4.660s] GC(2) Using 4 workers of 4 for evacuation
[2018-01-25T10:03:21.684+0530][4.702s] GC(2) ParNew: 17066K->16425K(109248K)
[2018-01-25T10:03:21.685+0530][4.702s] GC(2) CMS: 0K->0K(393216K)
[2018-01-25T10:03:21.685+0530][4.702s] GC(2) Metaspace: 22248K->22248K(1071104K)
[2018-01-25T10:03:21.685+0530][4.702s] GC(2) Pause Young (CMS Final Remark) 16M->16M(490M) 41.914ms
[2018-01-25T10:03:21.685+0530][4.702s] GC(2) User=0.04s Sys=0.01s Real=0.04s
[2018-01-25T10:03:21.710+0530][4.728s] GC(0) Pause Remark 16M->16M(490M) 67.610ms
[2018-01-25T10:03:21.710+0530][4.728s] GC(0) User=0.07s Sys=0.01s Real=0.07s
[2018-01-25T10:03:21.725+0530][4.742s] GC(0) Concurrent Sweep
[2018-01-25T10:03:21.725+0530][4.742s] GC(0) Concurrent Sweep 0.080ms
[2018-01-25T10:03:21.725+0530][4.742s] GC(0) User=0.00s Sys=0.00s Real=0.00s
[2018-01-25T10:03:21.725+0530][4.742s] GC(0) Concurrent Reset
[2018-01-25T10:03:21.729+0530][4.746s] GC(0) Concurrent Reset 3.811ms
[2018-01-25T10:03:21.729+0530][4.746s] GC(0) User=0.00s Sys=0.00s Real=0.01s
[2018-01-25T10:03:21.729+0530][4.746s] GC(0) Old: 0K->0K(393216K)
[2018-01-25T10:03:25.413+0530][8.431s] GC(3) Pause Young (Allocation Failure)
[2018-01-25T10:03:25.413+0530][8.431s] GC(3) Using 4 workers of 4 for evacuation
[2018-01-25T10:03:25.603+0530][8.621s] GC(3) ParNew: 103849K->21824K(109248K)
[2018-01-25T10:03:25.603+0530][8.621s] GC(3) CMS: 0K->2405K(393216K)
[2018-01-25T10:03:25.603+0530][8.621s] GC(3) Metaspace: 28381K->28381K(1075200K)
[2018-01-25T10:03:25.603+0530][8.621s] GC(3) Pause Young (Allocation Failure) 101M->23M(490M) 189.846ms
[2018-01-25T10:03:25.603+0530][8.621s] GC(3) User=0.10s Sys=0.01s Real=0.19s
[2018-01-25T10:03:27.339+0530][10.357s] GC(4) Pause Young (Allocation Failure)
[2018-01-25T10:03:27.340+0530][10.357s] GC(4) Using 4 workers of 4 for evacuation
[2018-01-25T10:03:27.456+0530][10.474s] GC(4) ParNew: 109248K->21824K(109248K)
[2018-01-25T10:03:27.456+0530][10.474s] GC(4) CMS: 2405K->4153K(393216K)
[2018-01-25T10:03:27.456+0530][10.474s] GC(4) Metaspace: 29543K->29543K(1077248K)
[2018-01-25T10:03:27.456+0530][10.474s] GC(4) Pause Young (Allocation Failure) 109M->25M(490M) 116.675ms
[2018-01-25T10:03:27.456+0530][10.474s] GC(4) User=0.04s Sys=0.00s Real=0.12s
[2018-01-25T10:03:28.897+0530][11.914s] GC(5) Pause Young (Allocation Failure)
[2018-01-25T10:03:28.897+0530][11.915s] GC(5) Using 4 workers of 4 for evacuation
[2018-01-25T10:03:28.996+0530][12.014s] GC(5) ParNew: 109248K->21824K(109248K)
[2018-01-25T10:03:28.996+0530][12.014s] GC(5) CMS: 4153K->4867K(393216K)
[2018-01-25T10:03:28.996+0530][12.014s] GC(5) Metaspace: 30691K->30691K(1077248K)
[2018-01-25T10:03:28.996+0530][12.014s] GC(5) Pause Young (Allocation Failure) 110M->26M(490M) 99.329ms
[2018-01-25T10:03:28.996+0530][12.014s] GC(5) User=0.03s Sys=0.00s Real=0.11s
[2018-01-25T10:03:29.792+0530][12.810s] GC(6) Pause Young (Allocation Failure)
[2018-01-25T10:03:29.792+0530][12.810s] GC(6) Using 4 workers of 4 for evacuation
[2018-01-25T10:03:29.921+0530][12.939s] GC(6) ParNew: 109248K->21824K(109248K)
[2018-01-25T10:03:29.921+0530][12.939s] GC(6) CMS: 4867K->5708K(393216K)
[2018-01-25T10:03:29.921+0530][12.939s] GC(6) Metaspace: 30792K->30792K(1077248K)
[2018-01-25T10:03:29.921+0530][12.939s] GC(6) Pause Young (Allocation Failure) 111M->26M(490M) 129.340ms
[2018-01-25T10:03:29.921+0530][12.939s] GC(6) User=0.05s Sys=0.01s Real=0.13s
[2018-01-25T10:03:31.976+0530][14.994s] GC(7) Pause Young (Allocation Failure)
[2018-01-25T10:03:31.976+0530][14.994s] GC(7) Using 4 workers of 4 for evacuation
[2018-01-25T10:03:32.033+0530][15.050s] GC(7) ParNew: 109248K->20807K(109248K)
[2018-01-25T10:03:32.033+0530][15.051s] GC(7) CMS: 5708K->5708K(393216K)
[2018-01-25T10:03:32.033+0530][15.051s] GC(7) Metaspace: 32443K->32443K(1079296K)
[2018-01-25T10:03:32.033+0530][15.051s] GC(7) Pause Young (Allocation Failure) 112M->25M(490M) 56.836ms
[2018-01-25T10:03:32.033+0530][15.051s] GC(7) User=0.04s Sys=0.00s Real=0.05s
[2018-01-25T10:03:34.664+0530][17.682s] GC(8) Pause Young (Allocation Failure)
[2018-01-25T10:03:34.664+0530][17.682s] GC(8) Using 4 workers of 4 for evacuation
[2018-01-25T10:03:34.780+0530][17.798s] GC(8) ParNew: 108231K->21824K(109248K)
[2018-01-25T10:03:34.780+0530][17.798s] GC(8) CMS: 5708K->6097K(393216K)
[2018-01-25T10:03:34.780+0530][17.798s] GC(8) Metaspace: 35311K->35311K(1081344K)
[2018-01-25T10:03:34.780+0530][17.798s] GC(8) Pause Young (Allocation Failure) 111M->27M(490M) 116.232ms
[2018-01-25T10:03:34.780+0530][17.798s] GC(8) User=0.05s Sys=0.01s Real=0.12s
[2018-01-25T10:03:36.800+0530][19.818s] GC(9) Pause Initial Mark
[2018-01-25T10:03:36.855+0530][19.873s] GC(9) Pause Initial Mark 70M->70M(490M) 55.445ms
[2018-01-25T10:03:36.856+0530][19.873s] GC(9) User=0.02s Sys=0.00s Real=0.05s
[2018-01-25T10:03:36.856+0530][19.873s] GC(9) Concurrent Mark
[2018-01-25T10:03:36.856+0530][19.873s] GC(9) Using 4 workers of 4 for marking
[2018-01-25T10:03:36.870+0530][19.888s] GC(9) Concurrent Mark 14.582ms
[2018-01-25T10:03:36.870+0530][19.888s] GC(9) User=0.01s Sys=0.00s Real=0.02s
[2018-01-25T10:03:36.871+0530][19.888s] GC(9) Concurrent Preclean
[2018-01-25T10:03:36.872+0530][19.890s] GC(9) Concurrent Preclean 1.835ms
[2018-01-25T10:03:36.872+0530][19.890s] GC(9) User=0.00s Sys=0.00s Real=0.00s
[2018-01-25T10:03:36.873+0530][19.890s] GC(9) Concurrent Abortable Preclean
[2018-01-25T10:03:43.093+0530][26.111s] GC(9) Concurrent Abortable Preclean 6220.557ms
[2018-01-25T10:03:43.093+0530][26.111s] GC(9) User=2.19s Sys=0.00s Real=6.22s
[2018-01-25T10:03:43.093+0530][26.111s] GC(9) Pause Remark
[2018-01-25T10:03:43.093+0530][26.111s] GC(10) Pause Young (CMS Final Remark)
[2018-01-25T10:03:43.093+0530][26.111s] GC(10) Using 4 workers of 4 for evacuation
[2018-01-25T10:03:43.303+0530][26.321s] GC(10) ParNew: 66007K->21824K(109248K)
[2018-01-25T10:03:43.303+0530][26.321s] GC(10) CMS: 6097K->15749K(393216K)
[2018-01-25T10:03:43.303+0530][26.321s] GC(10) Metaspace: 38698K->38698K(1085440K)
[2018-01-25T10:03:43.303+0530][26.321s] GC(10) Pause Young (CMS Final Remark) 70M->36M(490M) 209.910ms
[2018-01-25T10:03:43.303+0530][26.321s] GC(10) User=0.08s Sys=0.02s Real=0.21s
[2018-01-25T10:03:43.409+0530][26.427s] GC(9) Pause Remark 70M->36M(490M) 315.980ms
[2018-01-25T10:03:43.410+0530][26.427s] GC(9) User=0.12s Sys=0.02s Real=0.32s
[2018-01-25T10:03:43.410+0530][26.427s] GC(9) Concurrent Sweep
[2018-01-25T10:03:43.423+0530][26.441s] GC(9) Concurrent Sweep 13.311ms
[2018-01-25T10:03:43.423+0530][26.441s] GC(9) User=0.01s Sys=0.00s Real=0.01s
[2018-01-25T10:03:43.423+0530][26.441s] GC(9) Concurrent Reset
[2018-01-25T10:03:43.450+0530][26.467s] GC(9) Concurrent Reset 26.204ms
[2018-01-25T10:03:43.450+0530][26.467s] GC(9) User=0.01s Sys=0.00s Real=0.02s
[2018-01-25T10:03:43.450+0530][26.467s] GC(9) Old: 6097K->13864K(393216K)
[2018-01-25T10:12:38.648+0530][561.666s] Heap
[2018-01-25T10:12:38.648+0530][561.666s]  par new generation   total 109248K, used 56476K [0x00000000e0000000, 0x00000000e8000000, 0x00000000e8000000)
[2018-01-25T10:12:38.648+0530][561.666s]   eden space 87424K,  39% used [0x00000000e0000000, 0x00000000e21d7028, 0x00000000e5560000)
[2018-01-25T10:12:38.648+0530][561.666s]   from space 21824K, 100% used [0x00000000e6ab0000, 0x00000000e8000000, 0x00000000e8000000)
[2018-01-25T10:12:38.648+0530][561.666s]   to   space 21824K,   0% used [0x00000000e5560000, 0x00000000e5560000, 0x00000000e6ab0000)
[2018-01-25T10:12:38.648+0530][561.666s]  concurrent mark-sweep generation total 393216K, used 13864K [0x00000000e8000000, 0x0000000100000000, 0x0000000100000000)
[2018-01-25T10:12:38.648+0530][561.666s]  Metaspace       used 41099K, capacity 42919K, committed 43156K, reserved 1087488K
[2018-01-25T10:12:38.648+0530][561.666s]   class space    used 4607K, capacity 4971K, committed 5092K, reserved 1048576K
